Saved to C:\Users\naamn\PycharmProjects\AI_Enginner_Project\prompt_eng\enrich_prompt_results.json

=== V1 — TC02 (low conf 31.5%) ===
בתמונה זוהתה מחלה: כתם סגול (Purple Blotch) בגידול בצל (בטחון 31.5%). מה הטיפול?

=== V1 — TC03 (healthy 89%) ===
בתמונה זוהתה מחלה: בריא (Healthy) בגידול בצל (בטחון 89.0%). מה הטיפול?

=== V1 — TC09 (empty question) ===
בתמונה זוהתה מחלה: כתם סגול (Purple Blotch) בגידול בצל (בטחון 94.2%). 

=== V2 — TC02 (low conf 31.5%) ===
בתמונה זוהתה: כתם סגול (Purple Blotch) בגידול בצל (בטחון **נמוך** 31.5% — ייתכן שהזיהוי שגוי). מה הטיפול?

=== V2 — TC03 (healthy 89%) ===
בתמונה זוהתה: בריא (Healthy) בגידול בצל (בטחון **גבוה** 89.0%). מה הטיפול?

=== V2 — TC09 (empty question) ===
בתמונה זוהתה: כתם סגול (Purple Blotch) בגידול בצל (בטחון **גבוה** 94.2%). 

=== V3 — TC02 (low conf 31.5%) ===
בתמונה זוהתה: **כתם סגול** (Purple Blotch) בגידול בצל. בטחון נמוך (31.5%) — הזיהוי עשוי להיות לא מדויק. ציון בריאות הצמח: 68.5%. מה הטיפול?

=== V3 — TC03 (healthy 89%) ===
הצמח נראה **בריא** (ציון בריאות 89.0%). אין עדות לזיהום פעיל. מה הטיפול?

=== V3 — TC09 (empty question) ===
בתמונה זוהתה: **כתם סגול** (Purple Blotch) בגידול בצל. בטחון גבוה (94.2%). ציון בריאות הצמח: 5.8%. 

=== V4 — TC02 (low conf 31.5%) ===
בתמונה זוהתה: **כתם סגול** (Purple Blotch) בגידול בצל. בטחון נמוך (31.5%) — שקול אימות ויזואלי לפני טיפול. ציון בריאות: 68.5%. מה הטיפול?

=== V4 — TC03 (healthy 89%) ===
הצמח נראה **בריא** (ציון בריאות 89.0%). אין עדות לזיהום פעיל. מה הטיפול?

=== V4 — TC09 (empty question) ===
בתמונה זוהתה: **כתם סגול** (Purple Blotch) בגידול בצל. בטחון גבוה (94.2%). ציון בריאות: 5.8%. מה הטיפול המומלץ בכתם סגול וכיצד למנוע התפשטות?

=== V5 — TC02 (low conf 31.5%) ===
[זיהוי תמונה] הגידול: בצל (onion). מחלה שזוהתה: **כתם סגול** (Purple Blotch). בטחון: 31.5% — ⚠️ זיהוי לא בטוח — אמת לפני טיפול. ציון בריאות: 68.5%. שאלת המשתמש: מה הטיפול?

=== V5 — TC03 (healthy 89%) ===
[זיהוי תמונה] הגידול: בצל (onion). מצב: **בריא** — ציון בריאות 89.0%. אין מחלה פעילה. מה הטיפול?

=== V5 — TC09 (empty question) ===
[זיהוי תמונה] הגידול: בצל (onion). מחלה שזוהתה: **כתם סגול** (Purple Blotch). בטחון: 94.2% — ✅ זיהוי בטוח. ציון בריאות: 5.8%. שאלת המשתמש: מה הטיפול המומלץ בכתם סגול וכיצד למנוע התפשטות?
